WARNING: Skipping key "RACK_ENV". Already set in ENV.
WARNING: Use strings for Figaro configuration. 10 was converted to "10".
2019-08-12T08:40:20.017Z 18089 TID-gp08ekgr1 INFO: Running in ruby 2.6.3p62 (2019-04-16 revision 67580) [x86_64-linux]
2019-08-12T08:40:20.017Z 18089 TID-gp08ekgr1 INFO: See LICENSE and the LGPL-3.0 for licensing details.
2019-08-12T08:40:20.017Z 18089 TID-gp08ekgr1 INFO: Upgrade to Sidekiq Pro for more features and support: http://sidekiq.org
2019-08-12T08:40:20.017Z 18089 TID-gp08ekgr1 INFO: Booting Sidekiq 5.2.7 with redis options {:id=>"Sidekiq-server-PID-18089", :url=>"redis://localhost/"}
2019-08-12T08:40:20.019Z 18089 TID-gp08ekgr1 INFO: Starting processing, hit Ctrl-C to stop
2019-08-12T08:40:20.424Z 18089 TID-gp093sqvp CreateSitemapsJob JID-c8b42efcdf7a2bc18b8ec219 INFO: start
! Task:add_jobs: start
2019-08-12T08:40:20.522Z 18089 TID-gp093sqvp CreateSitemapsJob JID-c8b42efcdf7a2bc18b8ec219 INFO: fail: 0.098 sec
2019-08-12T08:40:20.522Z 18089 TID-gp093sqvp WARN: {"context":"Job raised exception","job":{"class":"ActiveJob::QueueAdapters::SidekiqAdapter::JobWrapper","wrapped":"CreateSitemapsJob","queue":"default","args":[{"job_class":"CreateSitemapsJob","job_id":"713c9a03-106c-4271-ab7d-4ff3d21c79be","provider_job_id":null,"queue_name":"default","priority":null,"arguments":[],"executions":0,"locale":"en"}],"retry":true,"jid":"c8b42efcdf7a2bc18b8ec219","created_at":1565599220.4236348,"enqueued_at":1565599220.4237394},"jobstr":"{\"class\":\"ActiveJob::QueueAdapters::SidekiqAdapter::JobWrapper\",\"wrapped\":\"CreateSitemapsJob\",\"queue\":\"default\",\"args\":[{\"job_class\":\"CreateSitemapsJob\",\"job_id\":\"713c9a03-106c-4271-ab7d-4ff3d21c79be\",\"provider_job_id\":null,\"queue_name\":\"default\",\"priority\":null,\"arguments\":[],\"executions\":0,\"locale\":\"en\"}],\"retry\":true,\"jid\":\"c8b42efcdf7a2bc18b8ec219\",\"created_at\":1565599220.4236348,\"enqueued_at\":1565599220.4237394}"}
2019-08-12T08:40:20.522Z 18089 TID-gp093sqvp WARN: NameError: uninitialized constant CreateSitemapsJob::NUMBER_OF_ITEMS
2019-08-12T08:40:20.522Z 18089 TID-gp093sqvp WARN: /home/slava/RubymineProjects/mongo/app/jobs/create_sitemaps_job.rb:105:in `count_page'
/home/slava/RubymineProjects/mongo/app/jobs/create_sitemaps_job.rb:6:in `perform'
/home/slava/.rvm/gems/ruby-2.6.3/gems/activejob-5.2.3/lib/active_job/execution.rb:39:in `block in perform_now'
/home/slava/.rvm/gems/ruby-2.6.3/gems/activesupport-5.2.3/lib/active_support/callbacks.rb:109:in `block in run_callbacks'
/home/slava/.rvm/gems/ruby-2.6.3/gems/i18n-1.6.0/lib/i18n.rb:297:in `with_locale'
/home/slava/.rvm/gems/ruby-2.6.3/gems/activejob-5.2.3/lib/active_job/translation.rb:9:in `block (2 levels) in <module:Translation>'
/home/slava/.rvm/gems/ruby-2.6.3/gems/activesupport-5.2.3/lib/active_support/callbacks.rb:118:in `instance_exec'
/home/slava/.rvm/gems/ruby-2.6.3/gems/activesupport-5.2.3/lib/active_support/callbacks.rb:118:in `block in run_callbacks'
/home/slava/.rvm/gems/ruby-2.6.3/gems/activejob-5.2.3/lib/active_job/logging.rb:26:in `block (4 levels) in <module:Logging>'
/home/slava/.rvm/gems/ruby-2.6.3/gems/activesupport-5.2.3/lib/active_support/notifications.rb:168:in `block in instrument'
/home/slava/.rvm/gems/ruby-2.6.3/gems/activesupport-5.2.3/lib/active_support/notifications/instrumenter.rb:23:in `instrument'
/home/slava/.rvm/gems/ruby-2.6.3/gems/activesupport-5.2.3/lib/active_support/notifications.rb:168:in `instrument'
/home/slava/.rvm/gems/ruby-2.6.3/gems/activejob-5.2.3/lib/active_job/logging.rb:25:in `block (3 levels) in <module:Logging>'
/home/slava/.rvm/gems/ruby-2.6.3/gems/activejob-5.2.3/lib/active_job/logging.rb:46:in `block in tag_logger'
/home/slava/.rvm/gems/ruby-2.6.3/gems/activesupport-5.2.3/lib/active_support/tagged_logging.rb:71:in `block in tagged'
/home/slava/.rvm/gems/ruby-2.6.3/gems/activesupport-5.2.3/lib/active_support/tagged_logging.rb:28:in `tagged'
/home/slava/.rvm/gems/ruby-2.6.3/gems/activesupport-5.2.3/lib/active_support/tagged_logging.rb:71:in `tagged'
/home/slava/.rvm/gems/ruby-2.6.3/gems/activejob-5.2.3/lib/active_job/logging.rb:46:in `tag_logger'
/home/slava/.rvm/gems/ruby-2.6.3/gems/activejob-5.2.3/lib/active_job/logging.rb:22:in `block (2 levels) in <module:Logging>'
/home/slava/.rvm/gems/ruby-2.6.3/gems/activesupport-5.2.3/lib/active_support/callbacks.rb:118:in `instance_exec'
/home/slava/.rvm/gems/ruby-2.6.3/gems/activesupport-5.2.3/lib/active_support/callbacks.rb:118:in `block in run_callbacks'
/home/slava/.rvm/gems/ruby-2.6.3/gems/activesupport-5.2.3/lib/active_support/callbacks.rb:136:in `run_callbacks'
/home/slava/.rvm/gems/ruby-2.6.3/gems/activejob-5.2.3/lib/active_job/execution.rb:38:in `perform_now'
/home/slava/.rvm/gems/ruby-2.6.3/gems/activejob-5.2.3/lib/active_job/execution.rb:24:in `block in execute'
/home/slava/.rvm/gems/ruby-2.6.3/gems/activesupport-5.2.3/lib/active_support/callbacks.rb:109:in `block in run_callbacks'
/home/slava/.rvm/gems/ruby-2.6.3/gems/activejob-5.2.3/lib/active_job/railtie.rb:28:in `block (4 levels) in <class:Railtie>'
/home/slava/.rvm/gems/ruby-2.6.3/gems/activesupport-5.2.3/lib/active_support/execution_wrapper.rb:87:in `wrap'
/home/slava/.rvm/gems/ruby-2.6.3/gems/activesupport-5.2.3/lib/active_support/reloader.rb:73:in `block in wrap'
/home/slava/.rvm/gems/ruby-2.6.3/gems/activesupport-5.2.3/lib/active_support/execution_wrapper.rb:83:in `wrap'
/home/slava/.rvm/gems/ruby-2.6.3/gems/activesupport-5.2.3/lib/active_support/reloader.rb:72:in `wrap'
/home/slava/.rvm/gems/ruby-2.6.3/gems/activejob-5.2.3/lib/active_job/railtie.rb:27:in `block (3 levels) in <class:Railtie>'
/home/slava/.rvm/gems/ruby-2.6.3/gems/activesupport-5.2.3/lib/active_support/callbacks.rb:118:in `instance_exec'
/home/slava/.rvm/gems/ruby-2.6.3/gems/activesupport-5.2.3/lib/active_support/callbacks.rb:118:in `block in run_callbacks'
/home/slava/.rvm/gems/ruby-2.6.3/gems/activesupport-5.2.3/lib/active_support/callbacks.rb:136:in `run_callbacks'
/home/slava/.rvm/gems/ruby-2.6.3/gems/activejob-5.2.3/lib/active_job/execution.rb:22:in `execute'
/home/slava/.rvm/gems/ruby-2.6.3/gems/activejob-5.2.3/lib/active_job/queue_adapters/sidekiq_adapter.rb:42:in `perform'
/home/slava/.rvm/gems/ruby-2.6.3/gems/sidekiq-5.2.7/lib/sidekiq/processor.rb:192:in `execute_job'
/home/slava/.rvm/gems/ruby-2.6.3/gems/sidekiq-5.2.7/lib/sidekiq/processor.rb:165:in `block (2 levels) in process'
/home/slava/.rvm/gems/ruby-2.6.3/gems/sidekiq-5.2.7/lib/sidekiq/middleware/chain.rb:128:in `block in invoke'
/home/slava/.rvm/gems/ruby-2.6.3/gems/sidekiq-5.2.7/lib/sidekiq/middleware/chain.rb:133:in `invoke'
/home/slava/.rvm/gems/ruby-2.6.3/gems/sidekiq-5.2.7/lib/sidekiq/processor.rb:164:in `block in process'
/home/slava/.rvm/gems/ruby-2.6.3/gems/sidekiq-5.2.7/lib/sidekiq/processor.rb:137:in `block (6 levels) in dispatch'
/home/slava/.rvm/gems/ruby-2.6.3/gems/sidekiq-5.2.7/lib/sidekiq/job_retry.rb:109:in `local'
/home/slava/.rvm/gems/ruby-2.6.3/gems/sidekiq-5.2.7/lib/sidekiq/processor.rb:136:in `block (5 levels) in dispatch'
/home/slava/.rvm/gems/ruby-2.6.3/gems/sidekiq-5.2.7/lib/sidekiq/rails.rb:43:in `block in call'
/home/slava/.rvm/gems/ruby-2.6.3/gems/activesupport-5.2.3/lib/active_support/execution_wrapper.rb:87:in `wrap'
/home/slava/.rvm/gems/ruby-2.6.3/gems/activesupport-5.2.3/lib/active_support/reloader.rb:73:in `block in wrap'
/home/slava/.rvm/gems/ruby-2.6.3/gems/activesupport-5.2.3/lib/active_support/execution_wrapper.rb:87:in `wrap'
/home/slava/.rvm/gems/ruby-2.6.3/gems/activesupport-5.2.3/lib/active_support/reloader.rb:72:in `wrap'
/home/slava/.rvm/gems/ruby-2.6.3/gems/sidekiq-5.2.7/lib/sidekiq/rails.rb:42:in `call'
/home/slava/.rvm/gems/ruby-2.6.3/gems/sidekiq-5.2.7/lib/sidekiq/processor.rb:132:in `block (4 levels) in dispatch'
/home/slava/.rvm/gems/ruby-2.6.3/gems/sidekiq-5.2.7/lib/sidekiq/processor.rb:250:in `stats'
/home/slava/.rvm/gems/ruby-2.6.3/gems/sidekiq-5.2.7/lib/sidekiq/processor.rb:127:in `block (3 levels) in dispatch'
/home/slava/.rvm/gems/ruby-2.6.3/gems/sidekiq-5.2.7/lib/sidekiq/job_logger.rb:8:in `call'
/home/slava/.rvm/gems/ruby-2.6.3/gems/sidekiq-5.2.7/lib/sidekiq/processor.rb:126:in `block (2 levels) in dispatch'
/home/slava/.rvm/gems/ruby-2.6.3/gems/sidekiq-5.2.7/lib/sidekiq/job_retry.rb:74:in `global'
/home/slava/.rvm/gems/ruby-2.6.3/gems/sidekiq-5.2.7/lib/sidekiq/processor.rb:125:in `block in dispatch'
/home/slava/.rvm/gems/ruby-2.6.3/gems/sidekiq-5.2.7/lib/sidekiq/logging.rb:48:in `with_context'
/home/slava/.rvm/gems/ruby-2.6.3/gems/sidekiq-5.2.7/lib/sidekiq/logging.rb:42:in `with_job_hash_context'
/home/slava/.rvm/gems/ruby-2.6.3/gems/sidekiq-5.2.7/lib/sidekiq/processor.rb:124:in `dispatch'
/home/slava/.rvm/gems/ruby-2.6.3/gems/sidekiq-5.2.7/lib/sidekiq/processor.rb:163:in `process'
/home/slava/.rvm/gems/ruby-2.6.3/gems/sidekiq-5.2.7/lib/sidekiq/processor.rb:83:in `process_one'
/home/slava/.rvm/gems/ruby-2.6.3/gems/sidekiq-5.2.7/lib/sidekiq/processor.rb:71:in `run'
/home/slava/.rvm/gems/ruby-2.6.3/gems/sidekiq-5.2.7/lib/sidekiq/util.rb:16:in `watchdog'
/home/slava/.rvm/gems/ruby-2.6.3/gems/sidekiq-5.2.7/lib/sidekiq/util.rb:25:in `block in safe_thread'
2019-08-12T08:41:10.677Z 18089 TID-gp093quzh CreateSitemapsJob JID-426b1e13e8cfb517a81b9262 INFO: start
! Task:add_jobs: start
! Task:add_jobs: End
2019-08-12T08:42:08.600Z 18089 TID-gp093quzh CreateSitemapsJob JID-426b1e13e8cfb517a81b9262 INFO: done: 57.923 sec
2019-08-13T06:02:15.051Z 18089 TID-gp08ekgr1 INFO: Shutting down
2019-08-13T06:02:15.057Z 18089 TID-gp08ekgr1 INFO: Terminating quiet workers
2019-08-13T06:02:15.057Z 18089 TID-gp093qxjl INFO: Scheduler exiting...
2019-08-13T06:02:15.558Z 18089 TID-gp08ekgr1 INFO: Pausing to allow workers to finish...
